0 info it worked if it ends with ok
1 verbose cli [ '/usr/bin/node', '/usr/bin/npm', 'install' ]
2 info using npm@1.4.28
3 info using node@v0.10.37
4 verbose node symlink /usr/bin/node
5 verbose readDependencies using package.json deps
6 verbose install where, deps [ '/home/jordan/Documents/ExpressProject/src/mongo-gestion',
6 verbose install   [ 'body-parser',
6 verbose install     'cookie-parser',
6 verbose install     'debug',
6 verbose install     'express',
6 verbose install     'jade',
6 verbose install     'morgan',
6 verbose install     'mongodb',
6 verbose install     'mongoskin',
6 verbose install     'JSONstream' ] ]
7 info preinstall mongo-gestion@0.0.0
8 verbose readDependencies using package.json deps
9 verbose already installed skipping body-parser@~1.12.0 /home/jordan/Documents/ExpressProject/src/mongo-gestion
10 verbose already installed skipping cookie-parser@~1.3.4 /home/jordan/Documents/ExpressProject/src/mongo-gestion
11 verbose already installed skipping debug@~2.1.1 /home/jordan/Documents/ExpressProject/src/mongo-gestion
12 verbose already installed skipping express@~4.12.2 /home/jordan/Documents/ExpressProject/src/mongo-gestion
13 verbose already installed skipping jade@~1.9.2 /home/jordan/Documents/ExpressProject/src/mongo-gestion
14 verbose already installed skipping morgan@~1.5.1 /home/jordan/Documents/ExpressProject/src/mongo-gestion
15 verbose already installed skipping mongodb@~1.4 /home/jordan/Documents/ExpressProject/src/mongo-gestion
16 verbose already installed skipping mongoskin@~1.4.13 /home/jordan/Documents/ExpressProject/src/mongo-gestion
17 verbose cache add [ 'JSONstream@*', null ]
18 verbose cache add name=undefined spec="JSONstream@*" args=["JSONstream@*",null]
19 verbose parsed url { protocol: null,
19 verbose parsed url   slashes: null,
19 verbose parsed url   auth: null,
19 verbose parsed url   host: null,
19 verbose parsed url   port: null,
19 verbose parsed url   hostname: null,
19 verbose parsed url   hash: null,
19 verbose parsed url   search: null,
19 verbose parsed url   query: null,
19 verbose parsed url   pathname: 'JSONstream@*',
19 verbose parsed url   path: 'JSONstream@*',
19 verbose parsed url   href: 'JSONstream@*' }
20 verbose cache add name="JSONstream" spec="*" args=["JSONstream","*"]
21 verbose parsed url { protocol: null,
21 verbose parsed url   slashes: null,
21 verbose parsed url   auth: null,
21 verbose parsed url   host: null,
21 verbose parsed url   port: null,
21 verbose parsed url   hostname: null,
21 verbose parsed url   hash: null,
21 verbose parsed url   search: null,
21 verbose parsed url   query: null,
21 verbose parsed url   pathname: '*',
21 verbose parsed url   path: '*',
21 verbose parsed url   href: '*' }
22 verbose addNamed [ 'JSONstream', '*' ]
23 verbose addNamed [ null, '*' ]
24 silly lockFile a3e89aa2-JSONstream JSONstream@*
25 verbose lock JSONstream@* /home/jordan/.npm/a3e89aa2-JSONstream.lock
26 silly addNameRange { name: 'JSONstream', range: '*', hasData: false }
27 verbose request where is /JSONstream
28 verbose request registry https://registry.npmjs.org/
29 verbose request id 0b8b9bc1734eaf1a
30 verbose url raw /JSONstream
31 verbose url resolving [ 'https://registry.npmjs.org/', './JSONstream' ]
32 verbose url resolved https://registry.npmjs.org/JSONstream
33 verbose request where is https://registry.npmjs.org/JSONstream
34 info trying registry request attempt 1 at 08:53:53
35 http GET https://registry.npmjs.org/JSONstream
36 http 404 https://registry.npmjs.org/JSONstream
37 verbose headers { server: 'CouchDB/1.5.0 (Erlang OTP/R16B03)',
37 verbose headers   'content-type': 'application/json',
37 verbose headers   'cache-control': 'max-age=0',
37 verbose headers   'content-length': '51',
37 verbose headers   'accept-ranges': 'bytes',
37 verbose headers   date: 'Mon, 11 May 2015 06:53:53 GMT',
37 verbose headers   via: '1.1 varnish',
37 verbose headers   age: '0',
37 verbose headers   connection: 'keep-alive',
37 verbose headers   'x-served-by': 'cache-fra1243-FRA',
37 verbose headers   'x-cache': 'MISS',
37 verbose headers   'x-cache-hits': '0',
37 verbose headers   'x-timer': 'S1431327232.778269,VS0,VE429' }
38 silly registry.get cb [ 404,
38 silly registry.get   { server: 'CouchDB/1.5.0 (Erlang OTP/R16B03)',
38 silly registry.get     'content-type': 'application/json',
38 silly registry.get     'cache-control': 'max-age=0',
38 silly registry.get     'content-length': '51',
38 silly registry.get     'accept-ranges': 'bytes',
38 silly registry.get     date: 'Mon, 11 May 2015 06:53:53 GMT',
38 silly registry.get     via: '1.1 varnish',
38 silly registry.get     age: '0',
38 silly registry.get     connection: 'keep-alive',
38 silly registry.get     'x-served-by': 'cache-fra1243-FRA',
38 silly registry.get     'x-cache': 'MISS',
38 silly registry.get     'x-cache-hits': '0',
38 silly registry.get     'x-timer': 'S1431327232.778269,VS0,VE429' } ]
39 silly lockFile a3e89aa2-JSONstream JSONstream@*
40 silly lockFile a3e89aa2-JSONstream JSONstream@*
41 error 404 404 Not Found: JSONstream
41 error 404
41 error 404 'JSONstream' is not in the npm registry.
41 error 404 You should bug the author to publish it
41 error 404 It was specified as a dependency of 'mongo-gestion'
41 error 404
41 error 404 Note that you can also install from a
41 error 404 tarball, folder, or http url, or git url.
42 error System Linux 3.2.0-79-generic
43 error command "/usr/bin/node" "/usr/bin/npm" "install"
44 error cwd /home/jordan/Documents/ExpressProject/src/mongo-gestion
45 error node -v v0.10.37
46 error npm -v 1.4.28
47 error code E404
48 verbose exit [ 1, true ]
